<?xml version="1.0" encoding="UTF-8"?>
<coverage generated="1714965850949" clover="3.2.0">
  <project timestamp="1714965850949" name="All files">
    <metrics statements="25" coveredstatements="24" conditionals="1" coveredconditionals="0" methods="6" coveredmethods="6" elements="32" coveredelements="30" complexity="0" loc="25" ncloc="25" packages="1" files="1" classes="1"/>
    <file name="ApexDepedencyCheckImpl.ts" path="/Users/azlam/projects/flxbl-io/apexlink/src/ApexDepedencyCheckImpl.ts">
      <metrics statements="25" coveredstatements="24" conditionals="1" coveredconditionals="0" methods="6" coveredmethods="6"/>
      <line num="1" count="1" type="stmt"/>
      <line num="2" count="1" type="stmt"/>
      <line num="3" count="1" type="stmt"/>
      <line num="4" count="1" type="stmt"/>
      <line num="5" count="1" type="stmt"/>
      <line num="6" count="1" type="stmt"/>
      <line num="7" count="1" type="stmt"/>
      <line num="9" count="1" type="stmt"/>
      <line num="10" count="1" type="stmt"/>
      <line num="11" count="2" type="stmt"/>
      <line num="15" count="2" type="stmt"/>
      <line num="16" count="2" type="stmt"/>
      <line num="18" count="2" type="stmt"/>
      <line num="22" count="2" type="stmt"/>
      <line num="23" count="2" type="stmt"/>
      <line num="27" count="2" type="stmt"/>
      <line num="29" count="2" type="stmt"/>
      <line num="30" count="2" type="stmt"/>
      <line num="32" count="2" type="stmt"/>
      <line num="41" count="2" type="stmt"/>
      <line num="42" count="2" type="stmt"/>
      <line num="43" count="2" type="cond" truecount="0" falsecount="1"/>
      <line num="44" count="0" type="stmt"/>
      <line num="46" count="2" type="stmt"/>
      <line num="47" count="2" type="stmt"/>
    </file>
  </project>
</coverage>
