{"/Users/azlam/projects/flxbl-io/apexlink/src/ApexDepedencyCheckImpl.ts": {"path":"/Users/azlam/projects/flxbl-io/apexlink/src/ApexDepedencyCheckImpl.ts","statementMap":{"0":{"start":{"line":1,"column":0},"end":{"line":1,"column":null}},"1":{"start":{"line":2,"column":0},"end":{"line":2,"column":null}},"2":{"start":{"line":3,"column":0},"end":{"line":3,"column":null}},"3":{"start":{"line":4,"column":0},"end":{"line":4,"column":null}},"4":{"start":{"line":5,"column":0},"end":{"line":5,"column":null}},"5":{"start":{"line":6,"column":0},"end":{"line":6,"column":null}},"6":{"start":{"line":7,"column":0},"end":{"line":7,"column":null}},"7":{"start":{"line":9,"column":16},"end":{"line":9,"column":73}},"8":{"start":{"line":11,"column":31},"end":{"line":11,"column":45}},"9":{"start":{"line":11,"column":55},"end":{"line":11,"column":79}},"10":{"start":{"line":15,"column":38},"end":{"line":15,"column":94}},"11":{"start":{"line":16,"column":32},"end":{"line":16,"column":74}},"12":{"start":{"line":18,"column":8},"end":{"line":21,"column":null}},"13":{"start":{"line":22,"column":21},"end":{"line":22,"column":78}},"14":{"start":{"line":23,"column":8},"end":{"line":23,"column":null}},"15":{"start":{"line":27,"column":30},"end":{"line":27,"column":54}},"16":{"start":{"line":29,"column":8},"end":{"line":29,"column":null}},"17":{"start":{"line":30,"column":22},"end":{"line":31,"column":77}},"18":{"start":{"line":32,"column":8},"end":{"line":32,"column":null}},"19":{"start":{"line":41,"column":8},"end":{"line":49,"column":null}},"20":{"start":{"line":42,"column":12},"end":{"line":48,"column":null}},"21":{"start":{"line":43,"column":16},"end":{"line":45,"column":null}},"22":{"start":{"line":44,"column":20},"end":{"line":44,"column":null}},"23":{"start":{"line":46,"column":16},"end":{"line":46,"column":null}},"24":{"start":{"line":47,"column":16},"end":{"line":47,"column":null}},"25":{"start":{"line":10,"column":0},"end":{"line":10,"column":21}}},"fnMap":{"0":{"name":"(anonymous_7)","decl":{"start":{"line":11,"column":4},"end":{"line":11,"column":31}},"loc":{"start":{"line":11,"column":79},"end":{"line":11,"column":null}}},"1":{"name":"(anonymous_8)","decl":{"start":{"line":13,"column":11},"end":{"line":13,"column":17}},"loc":{"start":{"line":13,"column":24},"end":{"line":24,"column":null}}},"2":{"name":"(anonymous_9)","decl":{"start":{"line":26,"column":12},"end":{"line":26,"column":18}},"loc":{"start":{"line":26,"column":47},"end":{"line":33,"column":null}}},"3":{"name":"(anonymous_10)","decl":{"start":{"line":40,"column":12},"end":{"line":40,"column":18}},"loc":{"start":{"line":40,"column":29},"end":{"line":50,"column":null}}},"4":{"name":"(anonymous_11)","decl":{"start":{"line":41,"column":35},"end":{"line":41,"column":36}},"loc":{"start":{"line":41,"column":61},"end":{"line":49,"column":9}}},"5":{"name":"(anonymous_12)","decl":{"start":{"line":42,"column":45},"end":{"line":42,"column":46}},"loc":{"start":{"line":42,"column":58},"end":{"line":48,"column":13}}}},"branchMap":{"0":{"loc":{"start":{"line":43,"column":16},"end":{"line":45,"column":null}},"type":"if","locations":[{"start":{"line":43,"column":16},"end":{"line":45,"column":null}}]}},"s":{"0":1,"1":1,"2":1,"3":1,"4":1,"5":1,"6":1,"7":1,"8":2,"9":2,"10":2,"11":2,"12":2,"13":2,"14":2,"15":2,"16":2,"17":2,"18":2,"19":2,"20":2,"21":2,"22":0,"23":2,"24":2,"25":1},"f":{"0":2,"1":2,"2":2,"3":2,"4":2,"5":2},"b":{"0":[0]}}
}
