TN:
SF:src/ApexDepedencyCheckImpl.ts
FN:11,(anonymous_7)
FN:13,(anonymous_8)
FN:26,(anonymous_9)
FN:40,(anonymous_10)
FN:41,(anonymous_11)
FN:42,(anonymous_12)
FNF:6
FNH:6
FNDA:2,(anonymous_7)
FNDA:2,(anonymous_8)
FNDA:2,(anonymous_9)
FNDA:2,(anonymous_10)
FNDA:2,(anonymous_11)
FNDA:2,(anonymous_12)
DA:1,1
DA:2,1
DA:3,1
DA:4,1
DA:5,1
DA:6,1
DA:7,1
DA:9,1
DA:10,1
DA:11,2
DA:15,2
DA:16,2
DA:18,2
DA:22,2
DA:23,2
DA:27,2
DA:29,2
DA:30,2
DA:32,2
DA:41,2
DA:42,2
DA:43,2
DA:44,0
DA:46,2
DA:47,2
LF:25
LH:24
BRDA:43,0,0,0
BRF:1
BRH:0
end_of_record
